<?xml version="1.0" encoding="UTF-8"?>
<coverage generated="1672046560800" clover="3.2.0">
  <project timestamp="1672046560800" name="All files">
    <metrics statements="17" coveredstatements="5" conditionals="3" coveredconditionals="0" methods="8" coveredmethods="1" elements="28" coveredelements="6" complexity="0" loc="17" ncloc="17" packages="2" files="3" classes="3"/>
    <package name="components">
      <metrics statements="9" coveredstatements="4" conditionals="1" coveredconditionals="0" methods="4" coveredmethods="1"/>
      <file name="Modal.jsx" path="/home/dmitrii/Dokumente/code/site/src/components/Modal.jsx">
        <metrics statements="6" coveredstatements="1" conditionals="1" coveredconditionals="0" methods="3" coveredmethods="0"/>
        <line num="8" count="1" type="cond" truecount="0" falsecount="1"/>
        <line num="10" count="0" type="stmt"/>
        <line num="12" count="0" type="stmt"/>
        <line num="14" count="0" type="stmt"/>
        <line num="19" count="0" type="stmt"/>
        <line num="25" count="0" type="stmt"/>
      </file>
      <file name="Spinner.jsx" path="/home/dmitrii/Dokumente/code/site/src/components/Spinner.jsx">
        <metrics statements="3" coveredstatements="3" conditionals="0" coveredconditionals="0" methods="1" coveredmethods="1"/>
        <line num="3" count="1" type="stmt"/>
        <line num="4" count="2" type="stmt"/>
        <line num="5" count="2" type="stmt"/>
      </file>
    </package>
    <package name="hooks">
      <metrics statements="8" coveredstatements="1" conditionals="2" coveredconditionals="0" methods="4" coveredmethods="0"/>
      <file name="close_on_esc.js" path="/home/dmitrii/Dokumente/code/site/src/hooks/close_on_esc.js">
        <metrics statements="8" coveredstatements="1" conditionals="2" coveredconditionals="0" methods="4" coveredmethods="0"/>
        <line num="3" count="1" type="stmt"/>
        <line num="4" count="0" type="stmt"/>
        <line num="5" count="0" type="stmt"/>
        <line num="6" count="0" type="cond" truecount="0" falsecount="2"/>
        <line num="7" count="0" type="stmt"/>
        <line num="10" count="0" type="stmt"/>
        <line num="11" count="0" type="stmt"/>
        <line num="12" count="0" type="stmt"/>
      </file>
    </package>
  </project>
</coverage>
