{"/home/dmitrii/Dokumente/code/site/config.js": {"path":"/home/dmitrii/Dokumente/code/site/config.js","statementMap":{"0":{"start":{"line":1,"column":16},"end":{"line":1,"column":34}},"1":{"start":{"line":3,"column":19},"end":{"line":3,"column":109}},"2":{"start":{"line":4,"column":24},"end":{"line":4,"column":114}},"3":{"start":{"line":6,"column":0},"end":{"line":6,"column":109}},"4":{"start":{"line":7,"column":0},"end":{"line":7,"column":86}},"5":{"start":{"line":8,"column":0},"end":{"line":8,"column":46}},"6":{"start":{"line":9,"column":0},"end":{"line":9,"column":48}}},"fnMap":{},"branchMap":{},"s":{"0":1,"1":1,"2":1,"3":1,"4":1,"5":1,"6":1},"f":{},"b":{},"_coverageSchema":"1a1c01bbd47fc00a2c39e90264f33305004495a9","hash":"4bac8335c17c11199f57c58493bf0e32437a8a77"}
,"/home/dmitrii/Dokumente/code/site/api/index.js": {"path":"/home/dmitrii/Dokumente/code/site/api/index.js","statementMap":{"0":{"start":{"line":12,"column":19},"end":{"line":12,"column":28}},"1":{"start":{"line":14,"column":0},"end":{"line":14,"column":10}},"2":{"start":{"line":26,"column":0},"end":{"line":26,"column":16}},"3":{"start":{"line":27,"column":0},"end":{"line":27,"column":23}},"4":{"start":{"line":28,"column":0},"end":{"line":28,"column":49}},"5":{"start":{"line":29,"column":0},"end":{"line":29,"column":48}},"6":{"start":{"line":31,"column":0},"end":{"line":31,"column":30}},"7":{"start":{"line":32,"column":0},"end":{"line":32,"column":22}},"8":{"start":{"line":33,"column":0},"end":{"line":33,"column":28}},"9":{"start":{"line":34,"column":0},"end":{"line":34,"column":27}},"10":{"start":{"line":36,"column":0},"end":{"line":36,"column":22}},"11":{"start":{"line":38,"column":0},"end":{"line":40,"column":2}},"12":{"start":{"line":39,"column":2},"end":{"line":39,"column":46}}},"fnMap":{"0":{"name":"(anonymous_0)","decl":{"start":{"line":38,"column":17},"end":{"line":38,"column":18}},"loc":{"start":{"line":38,"column":23},"end":{"line":40,"column":1}},"line":38}},"branchMap":{},"s":{"0":1,"1":1,"2":1,"3":1,"4":1,"5":1,"6":1,"7":1,"8":1,"9":1,"10":1,"11":1,"12":1},"f":{"0":1},"b":{},"_coverageSchema":"1a1c01bbd47fc00a2c39e90264f33305004495a9","hash":"f41123d5c3d66f1583b5ecada0a835f48a2ad1e2"}
,"/home/dmitrii/Dokumente/code/site/api/mailer.js": {"path":"/home/dmitrii/Dokumente/code/site/api/mailer.js","statementMap":{"0":{"start":{"line":3,"column":19},"end":{"line":10,"column":1}},"1":{"start":{"line":12,"column":20},"end":{"line":12,"column":58}},"2":{"start":{"line":15,"column":26},"end":{"line":28,"column":1}},"3":{"start":{"line":16,"column":20},"end":{"line":21,"column":5}},"4":{"start":{"line":22,"column":4},"end":{"line":26,"column":7}},"5":{"start":{"line":23,"column":8},"end":{"line":25,"column":9}},"6":{"start":{"line":24,"column":12},"end":{"line":24,"column":40}}},"fnMap":{"0":{"name":"(anonymous_0)","decl":{"start":{"line":15,"column":26},"end":{"line":15,"column":27}},"loc":{"start":{"line":15,"column":49},"end":{"line":28,"column":1}},"line":15},"1":{"name":"(anonymous_1)","decl":{"start":{"line":22,"column":34},"end":{"line":22,"column":35}},"loc":{"start":{"line":22,"column":49},"end":{"line":26,"column":5}},"line":22}},"branchMap":{"0":{"loc":{"start":{"line":23,"column":8},"end":{"line":25,"column":9}},"type":"if","locations":[{"start":{"line":23,"column":8},"end":{"line":25,"column":9}},{"start":{},"end":{}}],"line":23}},"s":{"0":1,"1":1,"2":1,"3":2,"4":2,"5":0,"6":0},"f":{"0":2,"1":0},"b":{"0":[0,0]},"_coverageSchema":"1a1c01bbd47fc00a2c39e90264f33305004495a9","hash":"5a7a53d5a099b365cdd49d6013165c992309f91f"}
,"/home/dmitrii/Dokumente/code/site/api/controllers/auth.js": {"path":"/home/dmitrii/Dokumente/code/site/api/controllers/auth.js","statementMap":{"0":{"start":{"line":9,"column":13},"end":{"line":9,"column":21}},"1":{"start":{"line":11,"column":0},"end":{"line":11,"column":44}},"2":{"start":{"line":12,"column":0},"end":{"line":12,"column":50}},"3":{"start":{"line":13,"column":0},"end":{"line":13,"column":51}},"4":{"start":{"line":16,"column":32},"end":{"line":16,"column":40}},"5":{"start":{"line":17,"column":4},"end":{"line":37,"column":5}},"6":{"start":{"line":19,"column":21},"end":{"line":19,"column":51}},"7":{"start":{"line":21,"column":8},"end":{"line":33,"column":9}},"8":{"start":{"line":22,"column":25},"end":{"line":22,"column":70}},"9":{"start":{"line":24,"column":12},"end":{"line":29,"column":13}},"10":{"start":{"line":25,"column":16},"end":{"line":25,"column":53}},"11":{"start":{"line":27,"column":16},"end":{"line":27,"column":31}},"12":{"start":{"line":28,"column":16},"end":{"line":28,"column":50}},"13":{"start":{"line":31,"column":12},"end":{"line":31,"column":27}},"14":{"start":{"line":32,"column":12},"end":{"line":32,"column":46}},"15":{"start":{"line":35,"column":8},"end":{"line":35,"column":23}},"16":{"start":{"line":36,"column":8},"end":{"line":36,"column":46}},"17":{"start":{"line":41,"column":58},"end":{"line":41,"column":66}},"18":{"start":{"line":43,"column":4},"end":{"line":63,"column":5}},"19":{"start":{"line":45,"column":21},"end":{"line":45,"column":51}},"20":{"start":{"line":47,"column":8},"end":{"line":50,"column":9}},"21":{"start":{"line":48,"column":12},"end":{"line":48,"column":27}},"22":{"start":{"line":49,"column":12},"end":{"line":49,"column":79}},"23":{"start":{"line":51,"column":21},"end":{"line":51,"column":44}},"24":{"start":{"line":52,"column":21},"end":{"line":52,"column":54}},"25":{"start":{"line":53,"column":25},"end":{"line":53,"column":62}},"26":{"start":{"line":54,"column":8},"end":{"line":57,"column":9}},"27":{"start":{"line":55,"column":12},"end":{"line":55,"column":27}},"28":{"start":{"line":56,"column":12},"end":{"line":56,"column":46}},"29":{"start":{"line":58,"column":25},"end":{"line":58,"column":107}},"30":{"start":{"line":59,"column":8},"end":{"line":59,"column":49}},"31":{"start":{"line":61,"column":8},"end":{"line":61,"column":23}},"32":{"start":{"line":62,"column":8},"end":{"line":62,"column":50}},"33":{"start":{"line":68,"column":4},"end":{"line":81,"column":5}},"34":{"start":{"line":70,"column":22},"end":{"line":70,"column":61}},"35":{"start":{"line":71,"column":25},"end":{"line":71,"column":50}},"36":{"start":{"line":72,"column":8},"end":{"line":76,"column":9}},"37":{"start":{"line":73,"column":12},"end":{"line":73,"column":44}},"38":{"start":{"line":75,"column":12},"end":{"line":75,"column":56}},"39":{"start":{"line":79,"column":8},"end":{"line":79,"column":23}},"40":{"start":{"line":80,"column":8},"end":{"line":80,"column":35}}},"fnMap":{"0":{"name":"loginUser","decl":{"start":{"line":15,"column":15},"end":{"line":15,"column":24}},"loc":{"start":{"line":15,"column":35},"end":{"line":38,"column":1}},"line":15},"1":{"name":"registerUser","decl":{"start":{"line":40,"column":15},"end":{"line":40,"column":27}},"loc":{"start":{"line":40,"column":38},"end":{"line":64,"column":1}},"line":40},"2":{"name":"check_token","decl":{"start":{"line":66,"column":15},"end":{"line":66,"column":26}},"loc":{"start":{"line":66,"column":37},"end":{"line":83,"column":1}},"line":66}},"branchMap":{"0":{"loc":{"start":{"line":17,"column":4},"end":{"line":37,"column":5}},"type":"if","locations":[{"start":{"line":17,"column":4},"end":{"line":37,"column":5}},{"start":{"line":34,"column":11},"end":{"line":37,"column":5}}],"line":17},"1":{"loc":{"start":{"line":17,"column":8},"end":{"line":17,"column":25}},"type":"binary-expr","locations":[{"start":{"line":17,"column":8},"end":{"line":17,"column":13}},{"start":{"line":17,"column":17},"end":{"line":17,"column":25}}],"line":17},"2":{"loc":{"start":{"line":21,"column":8},"end":{"line":33,"column":9}},"type":"if","locations":[{"start":{"line":21,"column":8},"end":{"line":33,"column":9}},{"start":{"line":30,"column":15},"end":{"line":33,"column":9}}],"line":21},"3":{"loc":{"start":{"line":24,"column":12},"end":{"line":29,"column":13}},"type":"if","locations":[{"start":{"line":24,"column":12},"end":{"line":29,"column":13}},{"start":{"line":26,"column":19},"end":{"line":29,"column":13}}],"line":24},"4":{"loc":{"start":{"line":43,"column":4},"end":{"line":63,"column":5}},"type":"if","locations":[{"start":{"line":43,"column":4},"end":{"line":63,"column":5}},{"start":{"line":60,"column":11},"end":{"line":63,"column":5}}],"line":43},"5":{"loc":{"start":{"line":43,"column":8},"end":{"line":43,"column":57}},"type":"binary-expr","locations":[{"start":{"line":43,"column":8},"end":{"line":43,"column":12}},{"start":{"line":43,"column":16},"end":{"line":43,"column":23}},{"start":{"line":43,"column":27},"end":{"line":43,"column":32}},{"start":{"line":43,"column":36},"end":{"line":43,"column":44}},{"start":{"line":43,"column":48},"end":{"line":43,"column":57}}],"line":43},"6":{"loc":{"start":{"line":47,"column":8},"end":{"line":50,"column":9}},"type":"if","locations":[{"start":{"line":47,"column":8},"end":{"line":50,"column":9}},{"start":{},"end":{}}],"line":47},"7":{"loc":{"start":{"line":54,"column":8},"end":{"line":57,"column":9}},"type":"if","locations":[{"start":{"line":54,"column":8},"end":{"line":57,"column":9}},{"start":{},"end":{}}],"line":54},"8":{"loc":{"start":{"line":68,"column":4},"end":{"line":81,"column":5}},"type":"if","locations":[{"start":{"line":68,"column":4},"end":{"line":81,"column":5}},{"start":{"line":78,"column":11},"end":{"line":81,"column":5}}],"line":68},"9":{"loc":{"start":{"line":72,"column":8},"end":{"line":76,"column":9}},"type":"if","locations":[{"start":{"line":72,"column":8},"end":{"line":76,"column":9}},{"start":{"line":74,"column":15},"end":{"line":76,"column":9}}],"line":72}},"s":{"0":1,"1":1,"2":1,"3":1,"4":4,"5":4,"6":3,"7":3,"8":2,"9":2,"10":1,"11":1,"12":1,"13":1,"14":1,"15":1,"16":1,"17":4,"18":4,"19":3,"20":3,"21":1,"22":1,"23":2,"24":2,"25":2,"26":2,"27":1,"28":1,"29":1,"30":1,"31":1,"32":1,"33":3,"34":2,"35":2,"36":2,"37":1,"38":1,"39":1,"40":1},"f":{"0":4,"1":4,"2":3},"b":{"0":[3,1],"1":[4,4],"2":[2,1],"3":[1,1],"4":[3,1],"5":[4,4,4,4,3],"6":[1,2],"7":[1,1],"8":[2,1],"9":[1,1]},"_coverageSchema":"1a1c01bbd47fc00a2c39e90264f33305004495a9","hash":"07abd59c3778af0396204619c7d01fbb2486de09"}
,"/home/dmitrii/Dokumente/code/site/api/controllers/files.js": {"path":"/home/dmitrii/Dokumente/code/site/api/controllers/files.js","statementMap":{"0":{"start":{"line":5,"column":14},"end":{"line":5,"column":22}},"1":{"start":{"line":7,"column":19},"end":{"line":7,"column":36}},"2":{"start":{"line":9,"column":0},"end":{"line":9,"column":38}},"3":{"start":{"line":10,"column":0},"end":{"line":10,"column":26}},"4":{"start":{"line":13,"column":4},"end":{"line":13,"column":80}},"5":{"start":{"line":17,"column":4},"end":{"line":17,"column":74}}},"fnMap":{"0":{"name":"get_impressum","decl":{"start":{"line":12,"column":15},"end":{"line":12,"column":28}},"loc":{"start":{"line":12,"column":39},"end":{"line":14,"column":1}},"line":12},"1":{"name":"get_agb","decl":{"start":{"line":16,"column":15},"end":{"line":16,"column":22}},"loc":{"start":{"line":16,"column":33},"end":{"line":18,"column":1}},"line":16}},"branchMap":{},"s":{"0":1,"1":1,"2":1,"3":1,"4":1,"5":2},"f":{"0":1,"1":2},"b":{},"_coverageSchema":"1a1c01bbd47fc00a2c39e90264f33305004495a9","hash":"53f8797c83e0c40236a040335531ca56a3120146"}
,"/home/dmitrii/Dokumente/code/site/api/controllers/payment.js": {"path":"/home/dmitrii/Dokumente/code/site/api/controllers/payment.js","statementMap":{"0":{"start":{"line":8,"column":16},"end":{"line":8,"column":24}},"1":{"start":{"line":11,"column":0},"end":{"line":11,"column":74}},"2":{"start":{"line":12,"column":0},"end":{"line":12,"column":73}},"3":{"start":{"line":13,"column":0},"end":{"line":13,"column":67}},"4":{"start":{"line":17,"column":23},"end":{"line":17,"column":92}},"5":{"start":{"line":19,"column":4},"end":{"line":19,"column":31}},"6":{"start":{"line":24,"column":21},"end":{"line":24,"column":29}},"7":{"start":{"line":26,"column":23},"end":{"line":26,"column":63}},"8":{"start":{"line":28,"column":4},"end":{"line":37,"column":5}},"9":{"start":{"line":29,"column":22},"end":{"line":29,"column":79}},"10":{"start":{"line":30,"column":8},"end":{"line":30,"column":30}},"11":{"start":{"line":33,"column":8},"end":{"line":33,"column":35}},"12":{"start":{"line":34,"column":8},"end":{"line":34,"column":31}},"13":{"start":{"line":36,"column":8},"end":{"line":36,"column":35}},"14":{"start":{"line":42,"column":24},"end":{"line":42,"column":32}},"15":{"start":{"line":44,"column":16},"end":{"line":44,"column":56}},"16":{"start":{"line":45,"column":4},"end":{"line":45,"column":26}},"17":{"start":{"line":46,"column":4},"end":{"line":46,"column":21}},"18":{"start":{"line":47,"column":4},"end":{"line":47,"column":24}}},"fnMap":{"0":{"name":"get_order","decl":{"start":{"line":15,"column":15},"end":{"line":15,"column":24}},"loc":{"start":{"line":15,"column":35},"end":{"line":20,"column":1}},"line":15},"1":{"name":"create_order","decl":{"start":{"line":22,"column":15},"end":{"line":22,"column":27}},"loc":{"start":{"line":22,"column":38},"end":{"line":38,"column":1}},"line":22},"2":{"name":"update_order","decl":{"start":{"line":40,"column":15},"end":{"line":40,"column":27}},"loc":{"start":{"line":40,"column":38},"end":{"line":48,"column":1}},"line":40}},"branchMap":{"0":{"loc":{"start":{"line":28,"column":4},"end":{"line":37,"column":5}},"type":"if","locations":[{"start":{"line":28,"column":4},"end":{"line":37,"column":5}},{"start":{"line":32,"column":11},"end":{"line":37,"column":5}}],"line":28}},"s":{"0":1,"1":1,"2":1,"3":1,"4":0,"5":0,"6":2,"7":2,"8":2,"9":1,"10":1,"11":1,"12":1,"13":1,"14":0,"15":0,"16":0,"17":0,"18":0},"f":{"0":0,"1":2,"2":0},"b":{"0":[1,1]},"_coverageSchema":"1a1c01bbd47fc00a2c39e90264f33305004495a9","hash":"a99c7d307bb0a88ff564999c49abf244816c32e0"}
,"/home/dmitrii/Dokumente/code/site/api/controllers/products.js": {"path":"/home/dmitrii/Dokumente/code/site/api/controllers/products.js","statementMap":{"0":{"start":{"line":8,"column":17},"end":{"line":8,"column":25}},"1":{"start":{"line":10,"column":0},"end":{"line":10,"column":46}},"2":{"start":{"line":11,"column":0},"end":{"line":11,"column":53}},"3":{"start":{"line":12,"column":0},"end":{"line":12,"column":52}},"4":{"start":{"line":13,"column":0},"end":{"line":13,"column":62}},"5":{"start":{"line":14,"column":0},"end":{"line":14,"column":64}},"6":{"start":{"line":18,"column":21},"end":{"line":18,"column":29}},"7":{"start":{"line":20,"column":18},"end":{"line":20,"column":72}},"8":{"start":{"line":22,"column":4},"end":{"line":39,"column":5}},"9":{"start":{"line":23,"column":24},"end":{"line":23,"column":26}},"10":{"start":{"line":25,"column":8},"end":{"line":33,"column":10}},"11":{"start":{"line":27,"column":26},"end":{"line":27,"column":90}},"12":{"start":{"line":27,"column":42},"end":{"line":27,"column":89}},"13":{"start":{"line":28,"column":12},"end":{"line":31,"column":13}},"14":{"start":{"line":29,"column":16},"end":{"line":29,"column":56}},"15":{"start":{"line":30,"column":16},"end":{"line":30,"column":35}},"16":{"start":{"line":35,"column":8},"end":{"line":35,"column":32}},"17":{"start":{"line":38,"column":8},"end":{"line":38,"column":27}},"18":{"start":{"line":46,"column":19},"end":{"line":46,"column":29}},"19":{"start":{"line":48,"column":4},"end":{"line":52,"column":5}},"20":{"start":{"line":49,"column":8},"end":{"line":49,"column":52}},"21":{"start":{"line":51,"column":8},"end":{"line":51,"column":29}},"22":{"start":{"line":57,"column":4},"end":{"line":57,"column":42}},"23":{"start":{"line":62,"column":44},"end":{"line":62,"column":52}},"24":{"start":{"line":63,"column":25},"end":{"line":63,"column":33}},"25":{"start":{"line":65,"column":4},"end":{"line":71,"column":5}},"26":{"start":{"line":66,"column":25},"end":{"line":66,"column":128}},"27":{"start":{"line":67,"column":8},"end":{"line":67,"column":33}},"28":{"start":{"line":69,"column":8},"end":{"line":69,"column":23}},"29":{"start":{"line":70,"column":8},"end":{"line":70,"column":30}},"30":{"start":{"line":79,"column":17},"end":{"line":79,"column":62}},"31":{"start":{"line":80,"column":4},"end":{"line":91,"column":5}},"32":{"start":{"line":81,"column":8},"end":{"line":88,"column":9}},"33":{"start":{"line":82,"column":12},"end":{"line":82,"column":38}},"34":{"start":{"line":83,"column":29},"end":{"line":83,"column":90}},"35":{"start":{"line":84,"column":12},"end":{"line":84,"column":37}},"36":{"start":{"line":86,"column":12},"end":{"line":86,"column":27}},"37":{"start":{"line":87,"column":12},"end":{"line":87,"column":34}},"38":{"start":{"line":90,"column":8},"end":{"line":90,"column":32}}},"fnMap":{"0":{"name":"get_cart_items","decl":{"start":{"line":16,"column":22},"end":{"line":16,"column":36}},"loc":{"start":{"line":16,"column":47},"end":{"line":42,"column":1}},"line":16},"1":{"name":"(anonymous_1)","decl":{"start":{"line":25,"column":17},"end":{"line":25,"column":18}},"loc":{"start":{"line":25,"column":27},"end":{"line":33,"column":9}},"line":25},"2":{"name":"(anonymous_2)","decl":{"start":{"line":27,"column":37},"end":{"line":27,"column":38}},"loc":{"start":{"line":27,"column":42},"end":{"line":27,"column":89}},"line":27},"3":{"name":"get_product_by_id","decl":{"start":{"line":44,"column":22},"end":{"line":44,"column":39}},"loc":{"start":{"line":44,"column":50},"end":{"line":54,"column":1}},"line":44},"4":{"name":"get_products","decl":{"start":{"line":56,"column":22},"end":{"line":56,"column":34}},"loc":{"start":{"line":56,"column":45},"end":{"line":58,"column":1}},"line":56},"5":{"name":"add_product","decl":{"start":{"line":60,"column":22},"end":{"line":60,"column":33}},"loc":{"start":{"line":60,"column":44},"end":{"line":72,"column":1}},"line":60},"6":{"name":"edit_product","decl":{"start":{"line":74,"column":22},"end":{"line":74,"column":34}},"loc":{"start":{"line":74,"column":45},"end":{"line":94,"column":1}},"line":74}},"branchMap":{"0":{"loc":{"start":{"line":22,"column":4},"end":{"line":39,"column":5}},"type":"if","locations":[{"start":{"line":22,"column":4},"end":{"line":39,"column":5}},{"start":{"line":37,"column":11},"end":{"line":39,"column":5}}],"line":22},"1":{"loc":{"start":{"line":27,"column":64},"end":{"line":27,"column":88}},"type":"binary-expr","locations":[{"start":{"line":27,"column":64},"end":{"line":27,"column":76}},{"start":{"line":27,"column":80},"end":{"line":27,"column":88}}],"line":27},"2":{"loc":{"start":{"line":28,"column":12},"end":{"line":31,"column":13}},"type":"if","locations":[{"start":{"line":28,"column":12},"end":{"line":31,"column":13}},{"start":{},"end":{}}],"line":28},"3":{"loc":{"start":{"line":80,"column":4},"end":{"line":91,"column":5}},"type":"if","locations":[{"start":{"line":80,"column":4},"end":{"line":91,"column":5}},{"start":{"line":89,"column":9},"end":{"line":91,"column":5}}],"line":80}},"s":{"0":1,"1":1,"2":1,"3":1,"4":1,"5":1,"6":2,"7":2,"8":2,"9":1,"10":1,"11":1,"12":1,"13":1,"14":1,"15":1,"16":1,"17":1,"18":2,"19":2,"20":2,"21":1,"22":2,"23":0,"24":0,"25":0,"26":0,"27":0,"28":0,"29":0,"30":0,"31":0,"32":0,"33":0,"34":0,"35":0,"36":0,"37":0,"38":0},"f":{"0":2,"1":1,"2":1,"3":2,"4":2,"5":0,"6":0},"b":{"0":[1,1],"1":[1,1],"2":[1,0],"3":[0,0]},"_coverageSchema":"1a1c01bbd47fc00a2c39e90264f33305004495a9","hash":"638b29a4a0db7d8ed731f2233153e9f10f9f31ea"}
,"/home/dmitrii/Dokumente/code/site/api/db/init.js": {"path":"/home/dmitrii/Dokumente/code/site/api/db/init.js","statementMap":{"0":{"start":{"line":6,"column":23},"end":{"line":15,"column":1}},"1":{"start":{"line":7,"column":4},"end":{"line":14,"column":5}},"2":{"start":{"line":8,"column":21},"end":{"line":8,"column":117}},"3":{"start":{"line":10,"column":8},"end":{"line":10,"column":62}},"4":{"start":{"line":12,"column":8},"end":{"line":12,"column":26}},"5":{"start":{"line":13,"column":8},"end":{"line":13,"column":23}}},"fnMap":{"0":{"name":"(anonymous_0)","decl":{"start":{"line":6,"column":23},"end":{"line":6,"column":24}},"loc":{"start":{"line":6,"column":35},"end":{"line":15,"column":1}},"line":6}},"branchMap":{"0":{"loc":{"start":{"line":8,"column":44},"end":{"line":8,"column":116}},"type":"cond-expr","locations":[{"start":{"line":8,"column":78},"end":{"line":8,"column":98}},{"start":{"line":8,"column":101},"end":{"line":8,"column":116}}],"line":8}},"s":{"0":1,"1":1,"2":1,"3":1,"4":0,"5":0},"f":{"0":1},"b":{"0":[1,0]},"_coverageSchema":"1a1c01bbd47fc00a2c39e90264f33305004495a9","hash":"cd6e472da4cf140c6e2f71916ef0a10575ec9ed7"}
,"/home/dmitrii/Dokumente/code/site/api/db/schemas.js": {"path":"/home/dmitrii/Dokumente/code/site/api/db/schemas.js","statementMap":{"0":{"start":{"line":4,"column":19},"end":{"line":4,"column":27}},"1":{"start":{"line":6,"column":24},"end":{"line":38,"column":2}},"2":{"start":{"line":40,"column":21},"end":{"line":65,"column":2}},"3":{"start":{"line":67,"column":22},"end":{"line":96,"column":1}},"4":{"start":{"line":98,"column":21},"end":{"line":98,"column":58}},"5":{"start":{"line":99,"column":22},"end":{"line":99,"column":61}},"6":{"start":{"line":100,"column":24},"end":{"line":100,"column":67}}},"fnMap":{},"branchMap":{},"s":{"0":1,"1":1,"2":1,"3":1,"4":1,"5":1,"6":1},"f":{},"b":{},"_coverageSchema":"1a1c01bbd47fc00a2c39e90264f33305004495a9","hash":"a5bca1cc5e3eaec8934f82fb5a7632ce3c7a0bbd"}
,"/home/dmitrii/Dokumente/code/site/api/functions/JWT.js": {"path":"/home/dmitrii/Dokumente/code/site/api/functions/JWT.js","statementMap":{"0":{"start":{"line":6,"column":28},"end":{"line":20,"column":1}},"1":{"start":{"line":8,"column":4},"end":{"line":18,"column":5}},"2":{"start":{"line":9,"column":24},"end":{"line":9,"column":51}},"3":{"start":{"line":10,"column":21},"end":{"line":10,"column":54}},"4":{"start":{"line":11,"column":8},"end":{"line":15,"column":9}},"5":{"start":{"line":12,"column":12},"end":{"line":12,"column":51}},"6":{"start":{"line":14,"column":12},"end":{"line":14,"column":59}},"7":{"start":{"line":17,"column":8},"end":{"line":17,"column":45}},"8":{"start":{"line":22,"column":25},"end":{"line":24,"column":1}},"9":{"start":{"line":23,"column":4},"end":{"line":23,"column":59}}},"fnMap":{"0":{"name":"(anonymous_0)","decl":{"start":{"line":6,"column":28},"end":{"line":6,"column":29}},"loc":{"start":{"line":6,"column":45},"end":{"line":20,"column":1}},"line":6},"1":{"name":"(anonymous_1)","decl":{"start":{"line":22,"column":25},"end":{"line":22,"column":26}},"loc":{"start":{"line":22,"column":34},"end":{"line":24,"column":1}},"line":22}},"branchMap":{"0":{"loc":{"start":{"line":11,"column":8},"end":{"line":15,"column":9}},"type":"if","locations":[{"start":{"line":11,"column":8},"end":{"line":15,"column":9}},{"start":{"line":13,"column":15},"end":{"line":15,"column":9}}],"line":11}},"s":{"0":1,"1":6,"2":6,"3":5,"4":5,"5":5,"6":0,"7":1,"8":1,"9":5},"f":{"0":6,"1":5},"b":{"0":[5,0]},"_coverageSchema":"1a1c01bbd47fc00a2c39e90264f33305004495a9","hash":"777d9ebee59a85671e3a4eeabd91203236385ddf"}
,"/home/dmitrii/Dokumente/code/site/api/functions/photo.js": {"path":"/home/dmitrii/Dokumente/code/site/api/functions/photo.js","statementMap":{"0":{"start":{"line":3,"column":16},"end":{"line":10,"column":2}},"1":{"start":{"line":5,"column":8},"end":{"line":5,"column":35}},"2":{"start":{"line":8,"column":8},"end":{"line":8,"column":55}},"3":{"start":{"line":12,"column":15},"end":{"line":12,"column":43}},"4":{"start":{"line":14,"column":28},"end":{"line":14,"column":50}}},"fnMap":{"0":{"name":"(anonymous_0)","decl":{"start":{"line":4,"column":17},"end":{"line":4,"column":18}},"loc":{"start":{"line":4,"column":42},"end":{"line":6,"column":5}},"line":4},"1":{"name":"(anonymous_1)","decl":{"start":{"line":7,"column":14},"end":{"line":7,"column":15}},"loc":{"start":{"line":7,"column":39},"end":{"line":9,"column":5}},"line":7}},"branchMap":{},"s":{"0":1,"1":0,"2":0,"3":1,"4":1},"f":{"0":0,"1":0},"b":{},"_coverageSchema":"1a1c01bbd47fc00a2c39e90264f33305004495a9","hash":"171e5116e78aad84b57c9cbd1b1537c748815fae"}
,"/home/dmitrii/Dokumente/code/site/api/middlewares/auth_handler.js": {"path":"/home/dmitrii/Dokumente/code/site/api/middlewares/auth_handler.js","statementMap":{"0":{"start":{"line":6,"column":31},"end":{"line":21,"column":2}},"1":{"start":{"line":8,"column":4},"end":{"line":20,"column":5}},"2":{"start":{"line":9,"column":8},"end":{"line":17,"column":9}},"3":{"start":{"line":10,"column":26},"end":{"line":10,"column":65}},"4":{"start":{"line":11,"column":28},"end":{"line":11,"column":53}},"5":{"start":{"line":12,"column":12},"end":{"line":12,"column":35}},"6":{"start":{"line":14,"column":12},"end":{"line":14,"column":18}},"7":{"start":{"line":16,"column":12},"end":{"line":16,"column":34}},"8":{"start":{"line":19,"column":8},"end":{"line":19,"column":35}}},"fnMap":{"0":{"name":"(anonymous_0)","decl":{"start":{"line":6,"column":44},"end":{"line":6,"column":45}},"loc":{"start":{"line":6,"column":70},"end":{"line":21,"column":1}},"line":6}},"branchMap":{"0":{"loc":{"start":{"line":8,"column":4},"end":{"line":20,"column":5}},"type":"if","locations":[{"start":{"line":8,"column":4},"end":{"line":20,"column":5}},{"start":{"line":18,"column":11},"end":{"line":20,"column":5}}],"line":8}},"s":{"0":1,"1":2,"2":2,"3":2,"4":2,"5":2,"6":2,"7":0,"8":0},"f":{"0":2},"b":{"0":[2,0]},"_coverageSchema":"1a1c01bbd47fc00a2c39e90264f33305004495a9","hash":"001f5557e9063510c23c5b9bb3f8e828349bea4d"}
,"/home/dmitrii/Dokumente/code/site/api/middlewares/error_handler.js": {"path":"/home/dmitrii/Dokumente/code/site/api/middlewares/error_handler.js","statementMap":{"0":{"start":{"line":1,"column":29},"end":{"line":9,"column":1}},"1":{"start":{"line":3,"column":19},"end":{"line":3,"column":56}},"2":{"start":{"line":5,"column":4},"end":{"line":8,"column":6}}},"fnMap":{"0":{"name":"(anonymous_0)","decl":{"start":{"line":1,"column":29},"end":{"line":1,"column":30}},"loc":{"start":{"line":1,"column":54},"end":{"line":9,"column":1}},"line":1}},"branchMap":{"0":{"loc":{"start":{"line":3,"column":19},"end":{"line":3,"column":56}},"type":"cond-expr","locations":[{"start":{"line":3,"column":36},"end":{"line":3,"column":50}},{"start":{"line":3,"column":53},"end":{"line":3,"column":56}}],"line":3},"1":{"loc":{"start":{"line":7,"column":15},"end":{"line":7,"column":106}},"type":"cond-expr","locations":[{"start":{"line":7,"column":90},"end":{"line":7,"column":94}},{"start":{"line":7,"column":97},"end":{"line":7,"column":106}}],"line":7},"2":{"loc":{"start":{"line":7,"column":15},"end":{"line":7,"column":87}},"type":"binary-expr","locations":[{"start":{"line":7,"column":15},"end":{"line":7,"column":52}},{"start":{"line":7,"column":56},"end":{"line":7,"column":87}}],"line":7}},"s":{"0":1,"1":7,"2":7},"f":{"0":7},"b":{"0":[7,0],"1":[7,0],"2":[7,7]},"_coverageSchema":"1a1c01bbd47fc00a2c39e90264f33305004495a9","hash":"aec1effe843b586f65ce375921b0263551b88cc2"}
}
