TN:
SF:config.js
FNF:0
FNH:0
DA:1,1
DA:3,1
DA:4,1
DA:6,1
DA:7,1
DA:8,1
DA:9,1
LF:7
LH:7
BRF:0
BRH:0
end_of_record
TN:
SF:api/index.js
FN:38,(anonymous_0)
FNF:1
FNH:1
FNDA:1,(anonymous_0)
DA:12,1
DA:14,1
DA:26,1
DA:27,1
DA:28,1
DA:29,1
DA:31,1
DA:32,1
DA:33,1
DA:34,1
DA:36,1
DA:38,1
DA:39,1
LF:13
LH:13
BRF:0
BRH:0
end_of_record
TN:
SF:api/mailer.js
FN:15,(anonymous_0)
FN:22,(anonymous_1)
FNF:2
FNH:1
FNDA:2,(anonymous_0)
FNDA:0,(anonymous_1)
DA:3,1
DA:12,1
DA:15,1
DA:16,2
DA:22,2
DA:23,0
DA:24,0
LF:7
LH:5
BRDA:23,0,0,0
BRDA:23,0,1,0
BRF:2
BRH:0
end_of_record
TN:
SF:api/controllers/auth.js
FN:15,loginUser
FN:40,registerUser
FN:66,check_token
FNF:3
FNH:3
FNDA:4,loginUser
FNDA:4,registerUser
FNDA:3,check_token
DA:9,1
DA:11,1
DA:12,1
DA:13,1
DA:16,4
DA:17,4
DA:19,3
DA:21,3
DA:22,2
DA:24,2
DA:25,1
DA:27,1
DA:28,1
DA:31,1
DA:32,1
DA:35,1
DA:36,1
DA:41,4
DA:43,4
DA:45,3
DA:47,3
DA:48,1
DA:49,1
DA:51,2
DA:52,2
DA:53,2
DA:54,2
DA:55,1
DA:56,1
DA:58,1
DA:59,1
DA:61,1
DA:62,1
DA:68,3
DA:70,2
DA:71,2
DA:72,2
DA:73,1
DA:75,1
DA:79,1
DA:80,1
LF:41
LH:41
BRDA:17,0,0,3
BRDA:17,0,1,1
BRDA:17,1,0,4
BRDA:17,1,1,4
BRDA:21,2,0,2
BRDA:21,2,1,1
BRDA:24,3,0,1
BRDA:24,3,1,1
BRDA:43,4,0,3
BRDA:43,4,1,1
BRDA:43,5,0,4
BRDA:43,5,1,4
BRDA:43,5,2,4
BRDA:43,5,3,4
BRDA:43,5,4,3
BRDA:47,6,0,1
BRDA:47,6,1,2
BRDA:54,7,0,1
BRDA:54,7,1,1
BRDA:68,8,0,2
BRDA:68,8,1,1
BRDA:72,9,0,1
BRDA:72,9,1,1
BRF:23
BRH:23
end_of_record
TN:
SF:api/controllers/files.js
FN:12,get_impressum
FN:16,get_agb
FNF:2
FNH:2
FNDA:1,get_impressum
FNDA:2,get_agb
DA:5,1
DA:7,1
DA:9,1
DA:10,1
DA:13,1
DA:17,2
LF:6
LH:6
BRF:0
BRH:0
end_of_record
TN:
SF:api/controllers/payment.js
FN:15,get_order
FN:22,create_order
FN:40,update_order
FNF:3
FNH:1
FNDA:0,get_order
FNDA:2,create_order
FNDA:0,update_order
DA:8,1
DA:11,1
DA:12,1
DA:13,1
DA:17,0
DA:19,0
DA:24,2
DA:26,2
DA:28,2
DA:29,1
DA:30,1
DA:33,1
DA:34,1
DA:36,1
DA:42,0
DA:44,0
DA:45,0
DA:46,0
DA:47,0
LF:19
LH:12
BRDA:28,0,0,1
BRDA:28,0,1,1
BRF:2
BRH:2
end_of_record
TN:
SF:api/controllers/products.js
FN:16,get_cart_items
FN:25,(anonymous_1)
FN:27,(anonymous_2)
FN:44,get_product_by_id
FN:56,get_products
FN:60,add_product
FN:74,edit_product
FNF:7
FNH:5
FNDA:2,get_cart_items
FNDA:1,(anonymous_1)
FNDA:1,(anonymous_2)
FNDA:2,get_product_by_id
FNDA:2,get_products
FNDA:0,add_product
FNDA:0,edit_product
DA:8,1
DA:10,1
DA:11,1
DA:12,1
DA:13,1
DA:14,1
DA:18,2
DA:20,2
DA:22,2
DA:23,1
DA:25,1
DA:27,1
DA:28,1
DA:29,1
DA:30,1
DA:35,1
DA:38,1
DA:46,2
DA:48,2
DA:49,2
DA:51,1
DA:57,2
DA:62,0
DA:63,0
DA:65,0
DA:66,0
DA:67,0
DA:69,0
DA:70,0
DA:79,0
DA:80,0
DA:81,0
DA:82,0
DA:83,0
DA:84,0
DA:86,0
DA:87,0
DA:90,0
LF:38
LH:22
BRDA:22,0,0,1
BRDA:22,0,1,1
BRDA:27,1,0,1
BRDA:27,1,1,1
BRDA:28,2,0,1
BRDA:28,2,1,0
BRDA:80,3,0,0
BRDA:80,3,1,0
BRF:8
BRH:5
end_of_record
TN:
SF:api/db/init.js
FN:6,(anonymous_0)
FNF:1
FNH:1
FNDA:1,(anonymous_0)
DA:6,1
DA:7,1
DA:8,1
DA:10,1
DA:12,0
DA:13,0
LF:6
LH:4
BRDA:8,0,0,1
BRDA:8,0,1,0
BRF:2
BRH:1
end_of_record
TN:
SF:api/db/schemas.js
FNF:0
FNH:0
DA:4,1
DA:6,1
DA:40,1
DA:67,1
DA:98,1
DA:99,1
DA:100,1
LF:7
LH:7
BRF:0
BRH:0
end_of_record
TN:
SF:api/functions/JWT.js
FN:6,(anonymous_0)
FN:22,(anonymous_1)
FNF:2
FNH:2
FNDA:6,(anonymous_0)
FNDA:5,(anonymous_1)
DA:6,1
DA:8,6
DA:9,6
DA:10,5
DA:11,5
DA:12,5
DA:14,0
DA:17,1
DA:22,1
DA:23,5
LF:10
LH:9
BRDA:11,0,0,5
BRDA:11,0,1,0
BRF:2
BRH:1
end_of_record
TN:
SF:api/functions/photo.js
FN:4,(anonymous_0)
FN:7,(anonymous_1)
FNF:2
FNH:0
FNDA:0,(anonymous_0)
FNDA:0,(anonymous_1)
DA:3,1
DA:5,0
DA:8,0
DA:12,1
DA:14,1
LF:5
LH:3
BRF:0
BRH:0
end_of_record
TN:
SF:api/middlewares/auth_handler.js
FN:6,(anonymous_0)
FNF:1
FNH:1
FNDA:2,(anonymous_0)
DA:6,1
DA:8,2
DA:9,2
DA:10,2
DA:11,2
DA:12,2
DA:14,2
DA:16,0
DA:19,0
LF:9
LH:7
BRDA:8,0,0,2
BRDA:8,0,1,0
BRF:2
BRH:1
end_of_record
TN:
SF:api/middlewares/error_handler.js
FN:1,(anonymous_0)
FNF:1
FNH:1
FNDA:7,(anonymous_0)
DA:1,1
DA:3,7
DA:5,7
LF:3
LH:3
BRDA:3,0,0,7
BRDA:3,0,1,0
BRDA:7,1,0,7
BRDA:7,1,1,0
BRDA:7,2,0,7
BRDA:7,2,1,7
BRF:6
BRH:4
end_of_record
