TN:
SF:config.js
FNF:0
FNH:0
DA:1,1
DA:3,1
DA:4,1
DA:6,1
DA:7,1
DA:8,1
DA:9,1
LF:7
LH:7
BRF:0
BRH:0
end_of_record
TN:
SF:api/index.js
FN:18,(anonymous_0)
FN:38,(anonymous_1)
FNF:2
FNH:1
FNDA:0,(anonymous_0)
FNDA:1,(anonymous_1)
DA:12,1
DA:14,1
DA:15,1
DA:16,1
DA:19,0
DA:20,0
DA:22,0
DA:26,1
DA:27,1
DA:28,1
DA:29,1
DA:31,1
DA:32,1
DA:33,1
DA:34,1
DA:36,1
DA:38,1
DA:39,1
LF:18
LH:15
BRDA:19,0,0,0
BRDA:19,0,1,0
BRF:2
BRH:0
end_of_record
TN:
SF:api/mailer.js
FN:15,(anonymous_0)
FN:23,(anonymous_1)
FNF:2
FNH:1
FNDA:1,(anonymous_0)
FNDA:0,(anonymous_1)
DA:3,1
DA:12,1
DA:15,1
DA:16,1
DA:22,1
DA:23,1
DA:24,0
DA:25,0
LF:8
LH:6
BRDA:24,0,0,0
BRDA:24,0,1,0
BRF:2
BRH:0
end_of_record
TN:
SF:api/controllers/auth.js
FN:19,loginUser
FN:37,registerUser
FN:57,resetUser
FN:66,check_token
FNF:4
FNH:1
FNDA:1,loginUser
FNDA:0,registerUser
FNDA:0,resetUser
FNDA:0,check_token
DA:11,1
DA:12,1
DA:14,1
DA:15,1
DA:16,1
DA:17,1
DA:20,1
DA:22,1
DA:24,1
DA:25,1
DA:27,1
DA:28,1
DA:30,0
DA:31,0
DA:33,0
DA:34,0
DA:38,0
DA:40,0
DA:42,0
DA:43,0
DA:44,0
DA:46,0
DA:47,0
DA:48,0
DA:49,0
DA:50,0
DA:51,0
DA:53,0
DA:54,0
DA:58,0
DA:59,0
DA:60,0
DA:61,0
DA:62,0
DA:68,0
DA:70,0
DA:71,0
DA:72,0
DA:73,0
DA:75,0
DA:76,0
DA:80,0
DA:81,0
LF:43
LH:12
BRDA:24,0,0,1
BRDA:24,0,1,0
BRDA:27,1,0,1
BRDA:27,1,1,0
BRDA:42,2,0,0
BRDA:42,2,1,0
BRDA:49,3,0,0
BRDA:49,3,1,0
BRDA:60,4,0,0
BRDA:60,4,1,0
BRDA:68,5,0,0
BRDA:68,5,1,0
BRDA:72,6,0,0
BRDA:72,6,1,0
BRF:14
BRH:2
end_of_record
TN:
SF:api/controllers/files.js
FN:12,get_impressum
FN:16,get_agb
FNF:2
FNH:0
FNDA:0,get_impressum
FNDA:0,get_agb
DA:5,1
DA:7,1
DA:9,1
DA:10,1
DA:13,0
DA:17,0
LF:6
LH:4
BRF:0
BRH:0
end_of_record
TN:
SF:api/controllers/payment.js
FN:17,get_order
FN:26,create_order
FN:44,update_order
FNF:3
FNH:0
FNDA:0,get_order
FNDA:0,create_order
FNDA:0,update_order
DA:10,1
DA:13,1
DA:14,1
DA:15,1
DA:20,0
DA:21,0
DA:23,0
DA:28,0
DA:30,0
DA:32,0
DA:33,0
DA:34,0
DA:37,0
DA:38,0
DA:40,0
DA:46,0
DA:48,0
DA:49,0
DA:50,0
DA:51,0
LF:20
LH:4
BRDA:32,0,0,0
BRDA:32,0,1,0
BRF:2
BRH:0
end_of_record
TN:
SF:api/controllers/products.js
FN:15,get_cart_items
FN:25,(anonymous_1)
FN:27,(anonymous_2)
FN:41,get_product_by_id
FN:50,get_products
FN:54,add_product
FN:67,(anonymous_6)
FNF:7
FNH:5
FNDA:1,get_cart_items
FNDA:3,(anonymous_1)
FNDA:6,(anonymous_2)
FNDA:1,get_product_by_id
FNDA:1,get_products
FNDA:0,add_product
FNDA:0,(anonymous_6)
DA:8,1
DA:10,1
DA:11,1
DA:12,1
DA:13,1
DA:17,1
DA:19,1
DA:22,1
DA:23,1
DA:25,1
DA:27,6
DA:28,3
DA:32,1
DA:35,0
DA:45,1
DA:47,1
DA:51,1
DA:55,0
DA:56,0
DA:58,0
DA:59,0
DA:60,0
DA:62,0
DA:63,0
DA:67,1
DA:68,0
DA:69,0
LF:27
LH:17
BRDA:22,0,0,1
BRDA:22,0,1,0
BRF:2
BRH:1
end_of_record
TN:
SF:api/db/init.js
FN:6,(anonymous_0)
FNF:1
FNH:1
FNDA:1,(anonymous_0)
DA:6,1
DA:7,1
DA:8,1
DA:10,1
DA:12,0
DA:13,0
LF:6
LH:4
BRDA:8,0,0,1
BRDA:8,0,1,0
BRF:2
BRH:1
end_of_record
TN:
SF:api/db/schemas.js
FNF:0
FNH:0
DA:4,1
DA:6,1
DA:41,1
DA:68,1
DA:95,1
DA:96,1
DA:97,1
LF:7
LH:7
BRF:0
BRH:0
end_of_record
TN:
SF:api/functions/JWT.js
FN:7,(anonymous_0)
FN:27,(anonymous_1)
FNF:2
FNH:2
FNDA:1,(anonymous_0)
FNDA:1,(anonymous_1)
DA:7,1
DA:8,1
DA:9,1
DA:10,1
DA:11,1
DA:12,1
DA:13,1
DA:15,0
DA:18,0
DA:22,0
DA:27,1
DA:28,1
LF:12
LH:9
BRDA:8,0,0,1
BRDA:8,0,1,0
BRDA:12,1,0,1
BRDA:12,1,1,0
BRF:4
BRH:2
end_of_record
TN:
SF:api/functions/photo.js
FN:4,(anonymous_0)
FN:7,(anonymous_1)
FNF:2
FNH:0
FNDA:0,(anonymous_0)
FNDA:0,(anonymous_1)
DA:3,1
DA:5,0
DA:8,0
DA:12,1
DA:14,1
LF:5
LH:3
BRF:0
BRH:0
end_of_record
TN:
SF:api/middlewares/auth_handler.js
FN:6,(anonymous_0)
FNF:1
FNH:0
FNDA:0,(anonymous_0)
DA:6,1
DA:8,0
DA:9,0
DA:10,0
DA:11,0
DA:12,0
DA:14,0
DA:16,0
DA:19,0
LF:9
LH:1
BRDA:8,0,0,0
BRDA:8,0,1,0
BRF:2
BRH:0
end_of_record
TN:
SF:api/middlewares/error_handler.js
FN:1,(anonymous_0)
FNF:1
FNH:0
FNDA:0,(anonymous_0)
DA:1,1
DA:3,0
DA:5,0
LF:3
LH:1
BRDA:3,0,0,0
BRDA:3,0,1,0
BRDA:7,1,0,0
BRDA:7,1,1,0
BRF:4
BRH:0
end_of_record
